[ INFO : 2024-03-20 14:09:14,525 ] - DeepGCCA(
  (model_list): ModuleList(
    (0-2): 3 x MlpNet(
      (layers): ModuleList(
        (0): Sequential(
          (0): Linear(in_features=100, out_features=256, bias=True)
          (1): BatchNorm1d(256, eps=1e-05, momentum=0.1, affine=False, track_running_stats=True)
        )
        (1): Sequential(
          (0): Linear(in_features=256, out_features=512, bias=True)
          (1): BatchNorm1d(512, eps=1e-05, momentum=0.1, affine=False, track_running_stats=True)
        )
        (2): Sequential(
          (0): Linear(in_features=512, out_features=128, bias=True)
          (1): BatchNorm1d(128, eps=1e-05, momentum=0.1, affine=False, track_running_stats=True)
        )
        (3): Sequential(
          (0): Linear(in_features=128, out_features=1, bias=True)
          (1): BatchNorm1d(1, eps=1e-05, momentum=0.1, affine=False, track_running_stats=True)
        )
      )
    )
  )
)
[ INFO : 2024-03-20 14:09:14,531 ] - Adam (
Parameter Group 0
    amsgrad: False
    betas: (0.9, 0.999)
    capturable: False
    differentiable: False
    eps: 1e-08
    foreach: None
    fused: None
    initial_lr: 0.05
    lr: 0.05
    maximize: False
    weight_decay: 1e-05
)
[ INFO : 2024-03-20 14:09:14,632 ] - Epoch 1/200 - time: 0.10 - training_loss: -3.5136
[ INFO : 2024-03-20 14:09:14,692 ] - Epoch 2/200 - time: 0.06 - training_loss: -2.5494
[ INFO : 2024-03-20 14:09:14,749 ] - Epoch 3/200 - time: 0.06 - training_loss: -3.0922
[ INFO : 2024-03-20 14:09:14,808 ] - Epoch 4/200 - time: 0.06 - training_loss: -3.8493
[ INFO : 2024-03-20 14:09:14,864 ] - Epoch 5/200 - time: 0.05 - training_loss: -4.4795
[ INFO : 2024-03-20 14:09:14,919 ] - Epoch 6/200 - time: 0.06 - training_loss: -4.9896
[ INFO : 2024-03-20 14:09:14,974 ] - Epoch 7/200 - time: 0.05 - training_loss: -5.3908
[ INFO : 2024-03-20 14:09:15,032 ] - Epoch 8/200 - time: 0.06 - training_loss: -5.7085
[ INFO : 2024-03-20 14:09:15,088 ] - Epoch 9/200 - time: 0.05 - training_loss: -5.9712
[ INFO : 2024-03-20 14:09:15,147 ] - Epoch 10/200 - time: 0.06 - training_loss: -6.1965
[ INFO : 2024-03-20 14:09:15,204 ] - Epoch 11/200 - time: 0.06 - training_loss: -6.3927
[ INFO : 2024-03-20 14:09:15,277 ] - Epoch 12/200 - time: 0.07 - training_loss: -6.5635
[ INFO : 2024-03-20 14:09:15,337 ] - Epoch 13/200 - time: 0.06 - training_loss: -6.7118
[ INFO : 2024-03-20 14:09:15,400 ] - Epoch 14/200 - time: 0.06 - training_loss: -6.8407
[ INFO : 2024-03-20 14:09:15,450 ] - Epoch 15/200 - time: 0.05 - training_loss: -6.9542
[ INFO : 2024-03-20 14:09:15,500 ] - Epoch 16/200 - time: 0.05 - training_loss: -7.0558
[ INFO : 2024-03-20 14:09:15,552 ] - Epoch 17/200 - time: 0.05 - training_loss: -7.1479
[ INFO : 2024-03-20 14:09:15,605 ] - Epoch 18/200 - time: 0.05 - training_loss: -7.2322
[ INFO : 2024-03-20 14:09:15,658 ] - Epoch 19/200 - time: 0.05 - training_loss: -7.3096
[ INFO : 2024-03-20 14:09:15,708 ] - Epoch 20/200 - time: 0.05 - training_loss: -7.3809
[ INFO : 2024-03-20 14:09:15,810 ] - Epoch 21/200 - time: 0.10 - training_loss: -7.4466
[ INFO : 2024-03-20 14:09:15,857 ] - Epoch 22/200 - time: 0.05 - training_loss: -7.5074
[ INFO : 2024-03-20 14:09:15,905 ] - Epoch 23/200 - time: 0.05 - training_loss: -7.5636
[ INFO : 2024-03-20 14:09:15,956 ] - Epoch 24/200 - time: 0.05 - training_loss: -7.6158
[ INFO : 2024-03-20 14:09:16,014 ] - Epoch 25/200 - time: 0.06 - training_loss: -7.6643
[ INFO : 2024-03-20 14:09:16,076 ] - Epoch 26/200 - time: 0.06 - training_loss: -7.7096
[ INFO : 2024-03-20 14:09:16,128 ] - Epoch 27/200 - time: 0.05 - training_loss: -7.7520
[ INFO : 2024-03-20 14:09:16,182 ] - Epoch 28/200 - time: 0.05 - training_loss: -7.7918
[ INFO : 2024-03-20 14:09:16,234 ] - Epoch 29/200 - time: 0.05 - training_loss: -7.8293
[ INFO : 2024-03-20 14:09:16,285 ] - Epoch 30/200 - time: 0.05 - training_loss: -7.8647
[ INFO : 2024-03-20 14:09:16,335 ] - Epoch 31/200 - time: 0.05 - training_loss: -7.8981
[ INFO : 2024-03-20 14:09:16,388 ] - Epoch 32/200 - time: 0.05 - training_loss: -7.9296
[ INFO : 2024-03-20 14:09:16,441 ] - Epoch 33/200 - time: 0.05 - training_loss: -7.9594
[ INFO : 2024-03-20 14:09:16,492 ] - Epoch 34/200 - time: 0.05 - training_loss: -7.9876
[ INFO : 2024-03-20 14:09:16,544 ] - Epoch 35/200 - time: 0.05 - training_loss: -8.0144
[ INFO : 2024-03-20 14:09:16,594 ] - Epoch 36/200 - time: 0.05 - training_loss: -8.0399
[ INFO : 2024-03-20 14:09:16,648 ] - Epoch 37/200 - time: 0.05 - training_loss: -8.0641
[ INFO : 2024-03-20 14:09:16,699 ] - Epoch 38/200 - time: 0.05 - training_loss: -8.0871
[ INFO : 2024-03-20 14:09:16,751 ] - Epoch 39/200 - time: 0.05 - training_loss: -8.1091
[ INFO : 2024-03-20 14:09:16,802 ] - Epoch 40/200 - time: 0.05 - training_loss: -8.1300
[ INFO : 2024-03-20 14:09:16,855 ] - Epoch 41/200 - time: 0.05 - training_loss: -8.1500
[ INFO : 2024-03-20 14:09:16,906 ] - Epoch 42/200 - time: 0.05 - training_loss: -8.1692
[ INFO : 2024-03-20 14:09:16,957 ] - Epoch 43/200 - time: 0.05 - training_loss: -8.1876
[ INFO : 2024-03-20 14:09:17,009 ] - Epoch 44/200 - time: 0.05 - training_loss: -8.2052
[ INFO : 2024-03-20 14:09:17,060 ] - Epoch 45/200 - time: 0.05 - training_loss: -8.2220
[ INFO : 2024-03-20 14:09:17,110 ] - Epoch 46/200 - time: 0.05 - training_loss: -8.2382
[ INFO : 2024-03-20 14:09:17,161 ] - Epoch 47/200 - time: 0.05 - training_loss: -8.2538
[ INFO : 2024-03-20 14:09:17,215 ] - Epoch 48/200 - time: 0.05 - training_loss: -8.2687
[ INFO : 2024-03-20 14:09:17,268 ] - Epoch 49/200 - time: 0.05 - training_loss: -8.2831
[ INFO : 2024-03-20 14:09:17,317 ] - Epoch 50/200 - time: 0.05 - training_loss: -8.2970
[ INFO : 2024-03-20 14:09:17,368 ] - Epoch 51/200 - time: 0.05 - training_loss: -8.3103
[ INFO : 2024-03-20 14:09:17,425 ] - Epoch 52/200 - time: 0.06 - training_loss: -8.3232
[ INFO : 2024-03-20 14:09:17,495 ] - Epoch 53/200 - time: 0.07 - training_loss: -8.3356
[ INFO : 2024-03-20 14:09:17,563 ] - Epoch 54/200 - time: 0.07 - training_loss: -8.3476
[ INFO : 2024-03-20 14:09:17,627 ] - Epoch 55/200 - time: 0.06 - training_loss: -8.3592
[ INFO : 2024-03-20 14:09:17,684 ] - Epoch 56/200 - time: 0.06 - training_loss: -8.3703
[ INFO : 2024-03-20 14:09:17,735 ] - Epoch 57/200 - time: 0.05 - training_loss: -8.3811
[ INFO : 2024-03-20 14:09:17,787 ] - Epoch 58/200 - time: 0.05 - training_loss: -8.3916
[ INFO : 2024-03-20 14:09:17,840 ] - Epoch 59/200 - time: 0.05 - training_loss: -8.4017
[ INFO : 2024-03-20 14:09:17,893 ] - Epoch 60/200 - time: 0.05 - training_loss: -8.4115
[ INFO : 2024-03-20 14:09:17,943 ] - Epoch 61/200 - time: 0.05 - training_loss: -8.4210
[ INFO : 2024-03-20 14:09:17,994 ] - Epoch 62/200 - time: 0.05 - training_loss: -8.4302
[ INFO : 2024-03-20 14:09:18,049 ] - Epoch 63/200 - time: 0.05 - training_loss: -8.4391
[ INFO : 2024-03-20 14:09:18,098 ] - Epoch 64/200 - time: 0.05 - training_loss: -8.4477
[ INFO : 2024-03-20 14:09:18,148 ] - Epoch 65/200 - time: 0.05 - training_loss: -8.4561
[ INFO : 2024-03-20 14:09:18,198 ] - Epoch 66/200 - time: 0.05 - training_loss: -8.4642
[ INFO : 2024-03-20 14:09:18,258 ] - Epoch 67/200 - time: 0.06 - training_loss: -8.4721
[ INFO : 2024-03-20 14:09:18,312 ] - Epoch 68/200 - time: 0.05 - training_loss: -8.4798
[ INFO : 2024-03-20 14:09:18,364 ] - Epoch 69/200 - time: 0.05 - training_loss: -8.4872
[ INFO : 2024-03-20 14:09:18,417 ] - Epoch 70/200 - time: 0.05 - training_loss: -8.4945
[ INFO : 2024-03-20 14:09:18,470 ] - Epoch 71/200 - time: 0.05 - training_loss: -8.5015
[ INFO : 2024-03-20 14:09:18,521 ] - Epoch 72/200 - time: 0.05 - training_loss: -8.5084
[ INFO : 2024-03-20 14:09:18,572 ] - Epoch 73/200 - time: 0.05 - training_loss: -8.5151
[ INFO : 2024-03-20 14:09:18,622 ] - Epoch 74/200 - time: 0.05 - training_loss: -8.5216
[ INFO : 2024-03-20 14:09:18,673 ] - Epoch 75/200 - time: 0.05 - training_loss: -8.5279
[ INFO : 2024-03-20 14:09:18,723 ] - Epoch 76/200 - time: 0.05 - training_loss: -8.5341
[ INFO : 2024-03-20 14:09:18,775 ] - Epoch 77/200 - time: 0.05 - training_loss: -8.5401
[ INFO : 2024-03-20 14:09:18,824 ] - Epoch 78/200 - time: 0.05 - training_loss: -8.5459
[ INFO : 2024-03-20 14:09:18,877 ] - Epoch 79/200 - time: 0.05 - training_loss: -8.5516
[ INFO : 2024-03-20 14:09:18,927 ] - Epoch 80/200 - time: 0.05 - training_loss: -8.5572
[ INFO : 2024-03-20 14:09:18,978 ] - Epoch 81/200 - time: 0.05 - training_loss: -8.5626
[ INFO : 2024-03-20 14:09:19,031 ] - Epoch 82/200 - time: 0.05 - training_loss: -8.5679
[ INFO : 2024-03-20 14:09:19,087 ] - Epoch 83/200 - time: 0.05 - training_loss: -8.5731
[ INFO : 2024-03-20 14:09:19,141 ] - Epoch 84/200 - time: 0.05 - training_loss: -8.5782
[ INFO : 2024-03-20 14:09:19,191 ] - Epoch 85/200 - time: 0.05 - training_loss: -8.5831
[ INFO : 2024-03-20 14:09:19,244 ] - Epoch 86/200 - time: 0.05 - training_loss: -8.5879
[ INFO : 2024-03-20 14:09:19,297 ] - Epoch 87/200 - time: 0.05 - training_loss: -8.5926
[ INFO : 2024-03-20 14:09:19,347 ] - Epoch 88/200 - time: 0.05 - training_loss: -8.5973
[ INFO : 2024-03-20 14:09:19,406 ] - Epoch 89/200 - time: 0.06 - training_loss: -8.6018
[ INFO : 2024-03-20 14:09:19,461 ] - Epoch 90/200 - time: 0.05 - training_loss: -8.6062
[ INFO : 2024-03-20 14:09:19,514 ] - Epoch 91/200 - time: 0.05 - training_loss: -8.6105
[ INFO : 2024-03-20 14:09:19,565 ] - Epoch 92/200 - time: 0.05 - training_loss: -8.6147
[ INFO : 2024-03-20 14:09:19,626 ] - Epoch 93/200 - time: 0.06 - training_loss: -8.6188
[ INFO : 2024-03-20 14:09:19,680 ] - Epoch 94/200 - time: 0.05 - training_loss: -8.6229
[ INFO : 2024-03-20 14:09:19,741 ] - Epoch 95/200 - time: 0.06 - training_loss: -8.6268
[ INFO : 2024-03-20 14:09:19,804 ] - Epoch 96/200 - time: 0.06 - training_loss: -8.6307
[ INFO : 2024-03-20 14:09:19,857 ] - Epoch 97/200 - time: 0.05 - training_loss: -8.6345
[ INFO : 2024-03-20 14:09:19,909 ] - Epoch 98/200 - time: 0.05 - training_loss: -8.6382
[ INFO : 2024-03-20 14:09:19,958 ] - Epoch 99/200 - time: 0.05 - training_loss: -8.6419
[ INFO : 2024-03-20 14:09:20,011 ] - Epoch 100/200 - time: 0.05 - training_loss: -8.6454
[ INFO : 2024-03-20 14:09:20,070 ] - Epoch 101/200 - time: 0.06 - training_loss: -8.6489
[ INFO : 2024-03-20 14:09:20,121 ] - Epoch 102/200 - time: 0.05 - training_loss: -8.6524
[ INFO : 2024-03-20 14:09:20,171 ] - Epoch 103/200 - time: 0.05 - training_loss: -8.6557
[ INFO : 2024-03-20 14:09:20,223 ] - Epoch 104/200 - time: 0.05 - training_loss: -8.6590
[ INFO : 2024-03-20 14:09:20,274 ] - Epoch 105/200 - time: 0.05 - training_loss: -8.6623
[ INFO : 2024-03-20 14:09:20,325 ] - Epoch 106/200 - time: 0.05 - training_loss: -8.6655
[ INFO : 2024-03-20 14:09:20,378 ] - Epoch 107/200 - time: 0.05 - training_loss: -8.6686
[ INFO : 2024-03-20 14:09:20,435 ] - Epoch 108/200 - time: 0.06 - training_loss: -8.6717
[ INFO : 2024-03-20 14:09:20,494 ] - Epoch 109/200 - time: 0.06 - training_loss: -8.6747
[ INFO : 2024-03-20 14:09:20,548 ] - Epoch 110/200 - time: 0.05 - training_loss: -8.6776
[ INFO : 2024-03-20 14:09:20,602 ] - Epoch 111/200 - time: 0.05 - training_loss: -8.6805
[ INFO : 2024-03-20 14:09:20,653 ] - Epoch 112/200 - time: 0.05 - training_loss: -8.6834
[ INFO : 2024-03-20 14:09:20,704 ] - Epoch 113/200 - time: 0.05 - training_loss: -8.6862
[ INFO : 2024-03-20 14:09:20,755 ] - Epoch 114/200 - time: 0.05 - training_loss: -8.6889
[ INFO : 2024-03-20 14:09:20,808 ] - Epoch 115/200 - time: 0.05 - training_loss: -8.6916
[ INFO : 2024-03-20 14:09:20,858 ] - Epoch 116/200 - time: 0.05 - training_loss: -8.6943
[ INFO : 2024-03-20 14:09:20,915 ] - Epoch 117/200 - time: 0.06 - training_loss: -8.6969
[ INFO : 2024-03-20 14:09:20,971 ] - Epoch 118/200 - time: 0.06 - training_loss: -8.6994
[ INFO : 2024-03-20 14:09:21,029 ] - Epoch 119/200 - time: 0.06 - training_loss: -8.7020
[ INFO : 2024-03-20 14:09:21,083 ] - Epoch 120/200 - time: 0.05 - training_loss: -8.7044
[ INFO : 2024-03-20 14:09:21,134 ] - Epoch 121/200 - time: 0.05 - training_loss: -8.7069
[ INFO : 2024-03-20 14:09:21,187 ] - Epoch 122/200 - time: 0.05 - training_loss: -8.7093
[ INFO : 2024-03-20 14:09:21,239 ] - Epoch 123/200 - time: 0.05 - training_loss: -8.7116
[ INFO : 2024-03-20 14:09:21,292 ] - Epoch 124/200 - time: 0.05 - training_loss: -8.7140
[ INFO : 2024-03-20 14:09:21,342 ] - Epoch 125/200 - time: 0.05 - training_loss: -8.7163
[ INFO : 2024-03-20 14:09:21,394 ] - Epoch 126/200 - time: 0.05 - training_loss: -8.7185
[ INFO : 2024-03-20 14:09:21,446 ] - Epoch 127/200 - time: 0.05 - training_loss: -8.7207
[ INFO : 2024-03-20 14:09:21,497 ] - Epoch 128/200 - time: 0.05 - training_loss: -8.7229
[ INFO : 2024-03-20 14:09:21,549 ] - Epoch 129/200 - time: 0.05 - training_loss: -8.7250
[ INFO : 2024-03-20 14:09:21,602 ] - Epoch 130/200 - time: 0.05 - training_loss: -8.7272
[ INFO : 2024-03-20 14:09:21,655 ] - Epoch 131/200 - time: 0.05 - training_loss: -8.7292
[ INFO : 2024-03-20 14:09:21,708 ] - Epoch 132/200 - time: 0.05 - training_loss: -8.7313
[ INFO : 2024-03-20 14:09:21,760 ] - Epoch 133/200 - time: 0.05 - training_loss: -8.7333
[ INFO : 2024-03-20 14:09:21,820 ] - Epoch 134/200 - time: 0.06 - training_loss: -8.7353
[ INFO : 2024-03-20 14:09:21,882 ] - Epoch 135/200 - time: 0.06 - training_loss: -8.7373
[ INFO : 2024-03-20 14:09:21,953 ] - Epoch 136/200 - time: 0.07 - training_loss: -8.7392
[ INFO : 2024-03-20 14:09:22,020 ] - Epoch 137/200 - time: 0.06 - training_loss: -8.7411
[ INFO : 2024-03-20 14:09:22,078 ] - Epoch 138/200 - time: 0.06 - training_loss: -8.7430
[ INFO : 2024-03-20 14:09:22,128 ] - Epoch 139/200 - time: 0.05 - training_loss: -8.7448
[ INFO : 2024-03-20 14:09:22,176 ] - Epoch 140/200 - time: 0.05 - training_loss: -8.7466
[ INFO : 2024-03-20 14:09:22,226 ] - Epoch 141/200 - time: 0.05 - training_loss: -8.7484
[ INFO : 2024-03-20 14:09:22,276 ] - Epoch 142/200 - time: 0.05 - training_loss: -8.7502
[ INFO : 2024-03-20 14:09:22,333 ] - Epoch 143/200 - time: 0.06 - training_loss: -8.7520
[ INFO : 2024-03-20 14:09:22,391 ] - Epoch 144/200 - time: 0.06 - training_loss: -8.7537
[ INFO : 2024-03-20 14:09:22,456 ] - Epoch 145/200 - time: 0.06 - training_loss: -8.7554
[ INFO : 2024-03-20 14:09:22,510 ] - Epoch 146/200 - time: 0.05 - training_loss: -8.7571
[ INFO : 2024-03-20 14:09:22,569 ] - Epoch 147/200 - time: 0.06 - training_loss: -8.7587
[ INFO : 2024-03-20 14:09:22,641 ] - Epoch 148/200 - time: 0.07 - training_loss: -8.7603
[ INFO : 2024-03-20 14:09:22,712 ] - Epoch 149/200 - time: 0.07 - training_loss: -8.7619
[ INFO : 2024-03-20 14:09:22,771 ] - Epoch 150/200 - time: 0.06 - training_loss: -8.7635
[ INFO : 2024-03-20 14:09:22,826 ] - Epoch 151/200 - time: 0.05 - training_loss: -8.7651
[ INFO : 2024-03-20 14:09:22,880 ] - Epoch 152/200 - time: 0.05 - training_loss: -8.7666
[ INFO : 2024-03-20 14:09:22,937 ] - Epoch 153/200 - time: 0.06 - training_loss: -8.7682
[ INFO : 2024-03-20 14:09:22,999 ] - Epoch 154/200 - time: 0.06 - training_loss: -8.7697
[ INFO : 2024-03-20 14:09:23,061 ] - Epoch 155/200 - time: 0.06 - training_loss: -8.7712
[ INFO : 2024-03-20 14:09:23,117 ] - Epoch 156/200 - time: 0.06 - training_loss: -8.7726
[ INFO : 2024-03-20 14:09:23,174 ] - Epoch 157/200 - time: 0.06 - training_loss: -8.7741
[ INFO : 2024-03-20 14:09:23,229 ] - Epoch 158/200 - time: 0.05 - training_loss: -8.7755
[ INFO : 2024-03-20 14:09:23,284 ] - Epoch 159/200 - time: 0.05 - training_loss: -8.7769
[ INFO : 2024-03-20 14:09:23,344 ] - Epoch 160/200 - time: 0.06 - training_loss: -8.7783
[ INFO : 2024-03-20 14:09:23,448 ] - Epoch 161/200 - time: 0.10 - training_loss: -8.7797
[ INFO : 2024-03-20 14:09:23,496 ] - Epoch 162/200 - time: 0.05 - training_loss: -8.7810
[ INFO : 2024-03-20 14:09:23,549 ] - Epoch 163/200 - time: 0.05 - training_loss: -8.7824
[ INFO : 2024-03-20 14:09:23,601 ] - Epoch 164/200 - time: 0.05 - training_loss: -8.7837
[ INFO : 2024-03-20 14:09:23,655 ] - Epoch 165/200 - time: 0.05 - training_loss: -8.7850
[ INFO : 2024-03-20 14:09:23,706 ] - Epoch 166/200 - time: 0.05 - training_loss: -8.7863
[ INFO : 2024-03-20 14:09:23,758 ] - Epoch 167/200 - time: 0.05 - training_loss: -8.7876
[ INFO : 2024-03-20 14:09:23,808 ] - Epoch 168/200 - time: 0.05 - training_loss: -8.7889
[ INFO : 2024-03-20 14:09:23,861 ] - Epoch 169/200 - time: 0.05 - training_loss: -8.7901
[ INFO : 2024-03-20 14:09:23,913 ] - Epoch 170/200 - time: 0.05 - training_loss: -8.7913
[ INFO : 2024-03-20 14:09:23,966 ] - Epoch 171/200 - time: 0.05 - training_loss: -8.7926
[ INFO : 2024-03-20 14:09:24,025 ] - Epoch 172/200 - time: 0.06 - training_loss: -8.7938
[ INFO : 2024-03-20 14:09:24,093 ] - Epoch 173/200 - time: 0.07 - training_loss: -8.7950
[ INFO : 2024-03-20 14:09:24,164 ] - Epoch 174/200 - time: 0.07 - training_loss: -8.7961
[ INFO : 2024-03-20 14:09:24,232 ] - Epoch 175/200 - time: 0.07 - training_loss: -8.7973
[ INFO : 2024-03-20 14:09:24,291 ] - Epoch 176/200 - time: 0.06 - training_loss: -8.7985
[ INFO : 2024-03-20 14:09:24,345 ] - Epoch 177/200 - time: 0.05 - training_loss: -8.7996
[ INFO : 2024-03-20 14:09:24,399 ] - Epoch 178/200 - time: 0.05 - training_loss: -8.8007
[ INFO : 2024-03-20 14:09:24,451 ] - Epoch 179/200 - time: 0.05 - training_loss: -8.8018
[ INFO : 2024-03-20 14:09:24,501 ] - Epoch 180/200 - time: 0.05 - training_loss: -8.8029
[ INFO : 2024-03-20 14:09:24,556 ] - Epoch 181/200 - time: 0.05 - training_loss: -8.8040
[ INFO : 2024-03-20 14:09:24,608 ] - Epoch 182/200 - time: 0.05 - training_loss: -8.8051
[ INFO : 2024-03-20 14:09:24,663 ] - Epoch 183/200 - time: 0.05 - training_loss: -8.8062
[ INFO : 2024-03-20 14:09:24,720 ] - Epoch 184/200 - time: 0.06 - training_loss: -8.8072
[ INFO : 2024-03-20 14:09:24,771 ] - Epoch 185/200 - time: 0.05 - training_loss: -8.8083
[ INFO : 2024-03-20 14:09:24,823 ] - Epoch 186/200 - time: 0.05 - training_loss: -8.8093
[ INFO : 2024-03-20 14:09:24,876 ] - Epoch 187/200 - time: 0.05 - training_loss: -8.8103
[ INFO : 2024-03-20 14:09:24,931 ] - Epoch 188/200 - time: 0.05 - training_loss: -8.8113
[ INFO : 2024-03-20 14:09:24,989 ] - Epoch 189/200 - time: 0.06 - training_loss: -8.8123
[ INFO : 2024-03-20 14:09:25,041 ] - Epoch 190/200 - time: 0.05 - training_loss: -8.8133
[ INFO : 2024-03-20 14:09:25,097 ] - Epoch 191/200 - time: 0.05 - training_loss: -8.8143
[ INFO : 2024-03-20 14:09:25,150 ] - Epoch 192/200 - time: 0.05 - training_loss: -8.8153
[ INFO : 2024-03-20 14:09:25,202 ] - Epoch 193/200 - time: 0.05 - training_loss: -8.8162
[ INFO : 2024-03-20 14:09:25,257 ] - Epoch 194/200 - time: 0.05 - training_loss: -8.8172
[ INFO : 2024-03-20 14:09:25,310 ] - Epoch 195/200 - time: 0.05 - training_loss: -8.8181
[ INFO : 2024-03-20 14:09:25,364 ] - Epoch 196/200 - time: 0.05 - training_loss: -8.8190
[ INFO : 2024-03-20 14:09:25,415 ] - Epoch 197/200 - time: 0.05 - training_loss: -8.8199
[ INFO : 2024-03-20 14:09:25,466 ] - Epoch 198/200 - time: 0.05 - training_loss: -8.8208
[ INFO : 2024-03-20 14:09:25,522 ] - Epoch 199/200 - time: 0.06 - training_loss: -8.8217
[ INFO : 2024-03-20 14:09:25,579 ] - Epoch 200/200 - time: 0.06 - training_loss: -8.8226
[ INFO : 2024-03-20 14:09:42,447 ] - DeepGCCA(
  (model_list): ModuleList(
    (0-2): 3 x MlpNet(
      (layers): ModuleList(
        (0): Sequential(
          (0): Linear(in_features=100, out_features=256, bias=True)
          (1): BatchNorm1d(256, eps=1e-05, momentum=0.1, affine=False, track_running_stats=True)
        )
        (1): Sequential(
          (0): Linear(in_features=256, out_features=512, bias=True)
          (1): BatchNorm1d(512, eps=1e-05, momentum=0.1, affine=False, track_running_stats=True)
        )
        (2): Sequential(
          (0): Linear(in_features=512, out_features=128, bias=True)
          (1): BatchNorm1d(128, eps=1e-05, momentum=0.1, affine=False, track_running_stats=True)
        )
        (3): Sequential(
          (0): Linear(in_features=128, out_features=1, bias=True)
          (1): BatchNorm1d(1, eps=1e-05, momentum=0.1, affine=False, track_running_stats=True)
        )
      )
    )
  )
)
[ INFO : 2024-03-20 14:09:42,452 ] - Adam (
Parameter Group 0
    amsgrad: False
    betas: (0.9, 0.999)
    capturable: False
    differentiable: False
    eps: 1e-08
    foreach: None
    fused: None
    initial_lr: 0.05
    lr: 0.05
    maximize: False
    weight_decay: 1e-05
)
[ INFO : 2024-03-20 14:09:42,589 ] - Epoch 1/200 - time: 0.13 - training_loss: -2.9951
[ INFO : 2024-03-20 14:09:42,644 ] - Epoch 2/200 - time: 0.05 - training_loss: -2.9068
[ INFO : 2024-03-20 14:09:42,698 ] - Epoch 3/200 - time: 0.05 - training_loss: -3.2772
[ INFO : 2024-03-20 14:09:42,756 ] - Epoch 4/200 - time: 0.06 - training_loss: -4.1259
[ INFO : 2024-03-20 14:09:42,816 ] - Epoch 5/200 - time: 0.06 - training_loss: -4.7521
[ INFO : 2024-03-20 14:09:42,873 ] - Epoch 6/200 - time: 0.06 - training_loss: -5.2290
[ INFO : 2024-03-20 14:09:42,926 ] - Epoch 7/200 - time: 0.05 - training_loss: -5.6032
[ INFO : 2024-03-20 14:09:42,978 ] - Epoch 8/200 - time: 0.05 - training_loss: -5.9025
[ INFO : 2024-03-20 14:09:43,031 ] - Epoch 9/200 - time: 0.05 - training_loss: -6.1502
[ INFO : 2024-03-20 14:09:43,088 ] - Epoch 10/200 - time: 0.06 - training_loss: -6.3607
[ INFO : 2024-03-20 14:09:43,138 ] - Epoch 11/200 - time: 0.05 - training_loss: -6.5416
[ INFO : 2024-03-20 14:09:43,187 ] - Epoch 12/200 - time: 0.05 - training_loss: -6.6972
[ INFO : 2024-03-20 14:09:43,282 ] - Epoch 13/200 - time: 0.09 - training_loss: -6.8315
[ INFO : 2024-03-20 14:09:43,330 ] - Epoch 14/200 - time: 0.05 - training_loss: -6.9483
[ INFO : 2024-03-20 14:09:43,383 ] - Epoch 15/200 - time: 0.05 - training_loss: -7.0515
[ INFO : 2024-03-20 14:09:43,438 ] - Epoch 16/200 - time: 0.05 - training_loss: -7.1441
[ INFO : 2024-03-20 14:09:43,494 ] - Epoch 17/200 - time: 0.05 - training_loss: -7.2284
[ INFO : 2024-03-20 14:09:43,547 ] - Epoch 18/200 - time: 0.05 - training_loss: -7.3054
[ INFO : 2024-03-20 14:09:43,605 ] - Epoch 19/200 - time: 0.06 - training_loss: -7.3760
[ INFO : 2024-03-20 14:09:43,661 ] - Epoch 20/200 - time: 0.05 - training_loss: -7.4405
[ INFO : 2024-03-20 14:09:43,717 ] - Epoch 21/200 - time: 0.05 - training_loss: -7.4997
[ INFO : 2024-03-20 14:09:43,774 ] - Epoch 22/200 - time: 0.06 - training_loss: -7.5541
[ INFO : 2024-03-20 14:09:43,839 ] - Epoch 23/200 - time: 0.06 - training_loss: -7.6044
[ INFO : 2024-03-20 14:09:43,890 ] - Epoch 24/200 - time: 0.05 - training_loss: -7.6512
[ INFO : 2024-03-20 14:09:43,940 ] - Epoch 25/200 - time: 0.05 - training_loss: -7.6951
[ INFO : 2024-03-20 14:09:43,989 ] - Epoch 26/200 - time: 0.05 - training_loss: -7.7363
[ INFO : 2024-03-20 14:09:44,042 ] - Epoch 27/200 - time: 0.05 - training_loss: -7.7750
[ INFO : 2024-03-20 14:09:44,097 ] - Epoch 28/200 - time: 0.05 - training_loss: -7.8115
[ INFO : 2024-03-20 14:09:44,159 ] - Epoch 29/200 - time: 0.06 - training_loss: -7.8459
[ INFO : 2024-03-20 14:09:44,234 ] - Epoch 30/200 - time: 0.07 - training_loss: -7.8782
[ INFO : 2024-03-20 14:09:44,301 ] - Epoch 31/200 - time: 0.07 - training_loss: -7.9089
[ INFO : 2024-03-20 14:09:44,369 ] - Epoch 32/200 - time: 0.07 - training_loss: -7.9379
[ INFO : 2024-03-20 14:09:44,426 ] - Epoch 33/200 - time: 0.06 - training_loss: -7.9655
[ INFO : 2024-03-20 14:09:44,478 ] - Epoch 34/200 - time: 0.05 - training_loss: -7.9918
[ INFO : 2024-03-20 14:09:44,527 ] - Epoch 35/200 - time: 0.05 - training_loss: -8.0169
[ INFO : 2024-03-20 14:09:44,579 ] - Epoch 36/200 - time: 0.05 - training_loss: -8.0408
[ INFO : 2024-03-20 14:09:44,631 ] - Epoch 37/200 - time: 0.05 - training_loss: -8.0636
[ INFO : 2024-03-20 14:09:44,682 ] - Epoch 38/200 - time: 0.05 - training_loss: -8.0854
[ INFO : 2024-03-20 14:09:44,732 ] - Epoch 39/200 - time: 0.05 - training_loss: -8.1062
[ INFO : 2024-03-20 14:09:44,784 ] - Epoch 40/200 - time: 0.05 - training_loss: -8.1262
[ INFO : 2024-03-20 14:09:44,836 ] - Epoch 41/200 - time: 0.05 - training_loss: -8.1453
[ INFO : 2024-03-20 14:09:44,890 ] - Epoch 42/200 - time: 0.05 - training_loss: -8.1637
[ INFO : 2024-03-20 14:09:44,944 ] - Epoch 43/200 - time: 0.05 - training_loss: -8.1813
[ INFO : 2024-03-20 14:09:45,002 ] - Epoch 44/200 - time: 0.06 - training_loss: -8.1982
[ INFO : 2024-03-20 14:09:45,064 ] - Epoch 45/200 - time: 0.06 - training_loss: -8.2145
[ INFO : 2024-03-20 14:09:45,112 ] - Epoch 46/200 - time: 0.05 - training_loss: -8.2302
[ INFO : 2024-03-20 14:09:45,161 ] - Epoch 47/200 - time: 0.05 - training_loss: -8.2453
[ INFO : 2024-03-20 14:09:45,222 ] - Epoch 48/200 - time: 0.06 - training_loss: -8.2599
[ INFO : 2024-03-20 14:09:45,285 ] - Epoch 49/200 - time: 0.06 - training_loss: -8.2740
[ INFO : 2024-03-20 14:09:45,347 ] - Epoch 50/200 - time: 0.06 - training_loss: -8.2875
[ INFO : 2024-03-20 14:09:45,403 ] - Epoch 51/200 - time: 0.06 - training_loss: -8.3006
[ INFO : 2024-03-20 14:09:45,463 ] - Epoch 52/200 - time: 0.06 - training_loss: -8.3133
[ INFO : 2024-03-20 14:09:45,520 ] - Epoch 53/200 - time: 0.06 - training_loss: -8.3255
[ INFO : 2024-03-20 14:09:45,577 ] - Epoch 54/200 - time: 0.06 - training_loss: -8.3374
[ INFO : 2024-03-20 14:09:45,633 ] - Epoch 55/200 - time: 0.05 - training_loss: -8.3488
[ INFO : 2024-03-20 14:09:45,688 ] - Epoch 56/200 - time: 0.05 - training_loss: -8.3599
[ INFO : 2024-03-20 14:09:45,747 ] - Epoch 57/200 - time: 0.06 - training_loss: -8.3707
[ INFO : 2024-03-20 14:09:45,807 ] - Epoch 58/200 - time: 0.06 - training_loss: -8.3811
[ INFO : 2024-03-20 14:09:45,865 ] - Epoch 59/200 - time: 0.06 - training_loss: -8.3912
[ INFO : 2024-03-20 14:09:45,922 ] - Epoch 60/200 - time: 0.06 - training_loss: -8.4010
[ INFO : 2024-03-20 14:09:45,981 ] - Epoch 61/200 - time: 0.06 - training_loss: -8.4105
[ INFO : 2024-03-20 14:09:46,035 ] - Epoch 62/200 - time: 0.05 - training_loss: -8.4197
[ INFO : 2024-03-20 14:09:46,091 ] - Epoch 63/200 - time: 0.06 - training_loss: -8.4287
[ INFO : 2024-03-20 14:09:46,146 ] - Epoch 64/200 - time: 0.05 - training_loss: -8.4373
[ INFO : 2024-03-20 14:09:46,202 ] - Epoch 65/200 - time: 0.05 - training_loss: -8.4458
[ INFO : 2024-03-20 14:09:46,258 ] - Epoch 66/200 - time: 0.06 - training_loss: -8.4540
[ INFO : 2024-03-20 14:09:46,318 ] - Epoch 67/200 - time: 0.06 - training_loss: -8.4620
[ INFO : 2024-03-20 14:09:46,376 ] - Epoch 68/200 - time: 0.06 - training_loss: -8.4697
[ INFO : 2024-03-20 14:09:46,451 ] - Epoch 69/200 - time: 0.07 - training_loss: -8.4773
[ INFO : 2024-03-20 14:09:46,510 ] - Epoch 70/200 - time: 0.06 - training_loss: -8.4846
[ INFO : 2024-03-20 14:09:46,571 ] - Epoch 71/200 - time: 0.06 - training_loss: -8.4917
[ INFO : 2024-03-20 14:09:46,625 ] - Epoch 72/200 - time: 0.05 - training_loss: -8.4987
[ INFO : 2024-03-20 14:09:46,676 ] - Epoch 73/200 - time: 0.05 - training_loss: -8.5055
[ INFO : 2024-03-20 14:09:46,726 ] - Epoch 74/200 - time: 0.05 - training_loss: -8.5121
[ INFO : 2024-03-20 14:09:46,776 ] - Epoch 75/200 - time: 0.05 - training_loss: -8.5185
[ INFO : 2024-03-20 14:09:46,827 ] - Epoch 76/200 - time: 0.05 - training_loss: -8.5248
[ INFO : 2024-03-20 14:09:46,879 ] - Epoch 77/200 - time: 0.05 - training_loss: -8.5309
[ INFO : 2024-03-20 14:09:46,927 ] - Epoch 78/200 - time: 0.05 - training_loss: -8.5368
[ INFO : 2024-03-20 14:09:46,980 ] - Epoch 79/200 - time: 0.05 - training_loss: -8.5426
[ INFO : 2024-03-20 14:09:47,031 ] - Epoch 80/200 - time: 0.05 - training_loss: -8.5483
[ INFO : 2024-03-20 14:09:47,084 ] - Epoch 81/200 - time: 0.05 - training_loss: -8.5538
[ INFO : 2024-03-20 14:09:47,137 ] - Epoch 82/200 - time: 0.05 - training_loss: -8.5592
[ INFO : 2024-03-20 14:09:47,189 ] - Epoch 83/200 - time: 0.05 - training_loss: -8.5645
[ INFO : 2024-03-20 14:09:47,241 ] - Epoch 84/200 - time: 0.05 - training_loss: -8.5697
[ INFO : 2024-03-20 14:09:47,293 ] - Epoch 85/200 - time: 0.05 - training_loss: -8.5747
[ INFO : 2024-03-20 14:09:47,343 ] - Epoch 86/200 - time: 0.05 - training_loss: -8.5796
[ INFO : 2024-03-20 14:09:47,392 ] - Epoch 87/200 - time: 0.05 - training_loss: -8.5844
[ INFO : 2024-03-20 14:09:47,441 ] - Epoch 88/200 - time: 0.05 - training_loss: -8.5891
[ INFO : 2024-03-20 14:09:47,491 ] - Epoch 89/200 - time: 0.05 - training_loss: -8.5937
[ INFO : 2024-03-20 14:09:47,543 ] - Epoch 90/200 - time: 0.05 - training_loss: -8.5982
[ INFO : 2024-03-20 14:09:47,599 ] - Epoch 91/200 - time: 0.05 - training_loss: -8.6026
[ INFO : 2024-03-20 14:09:47,654 ] - Epoch 92/200 - time: 0.05 - training_loss: -8.6069
[ INFO : 2024-03-20 14:09:47,713 ] - Epoch 93/200 - time: 0.06 - training_loss: -8.6111
[ INFO : 2024-03-20 14:09:47,770 ] - Epoch 94/200 - time: 0.06 - training_loss: -8.6153
[ INFO : 2024-03-20 14:09:47,836 ] - Epoch 95/200 - time: 0.07 - training_loss: -8.6193
[ INFO : 2024-03-20 14:09:47,892 ] - Epoch 96/200 - time: 0.05 - training_loss: -8.6233
[ INFO : 2024-03-20 14:09:47,949 ] - Epoch 97/200 - time: 0.06 - training_loss: -8.6271
[ INFO : 2024-03-20 14:09:48,003 ] - Epoch 98/200 - time: 0.05 - training_loss: -8.6309
[ INFO : 2024-03-20 14:09:48,062 ] - Epoch 99/200 - time: 0.06 - training_loss: -8.6346
[ INFO : 2024-03-20 14:09:48,119 ] - Epoch 100/200 - time: 0.06 - training_loss: -8.6383
[ INFO : 2024-03-20 14:09:48,175 ] - Epoch 101/200 - time: 0.05 - training_loss: -8.6419
[ INFO : 2024-03-20 14:09:48,232 ] - Epoch 102/200 - time: 0.06 - training_loss: -8.6454
[ INFO : 2024-03-20 14:09:48,289 ] - Epoch 103/200 - time: 0.06 - training_loss: -8.6488
[ INFO : 2024-03-20 14:09:48,346 ] - Epoch 104/200 - time: 0.06 - training_loss: -8.6522
[ INFO : 2024-03-20 14:09:48,402 ] - Epoch 105/200 - time: 0.05 - training_loss: -8.6555
[ INFO : 2024-03-20 14:09:48,458 ] - Epoch 106/200 - time: 0.05 - training_loss: -8.6587
[ INFO : 2024-03-20 14:09:48,517 ] - Epoch 107/200 - time: 0.06 - training_loss: -8.6619
[ INFO : 2024-03-20 14:09:48,573 ] - Epoch 108/200 - time: 0.06 - training_loss: -8.6651
[ INFO : 2024-03-20 14:09:48,653 ] - Epoch 109/200 - time: 0.08 - training_loss: -8.6681
[ INFO : 2024-03-20 14:09:48,724 ] - Epoch 110/200 - time: 0.07 - training_loss: -8.6711
[ INFO : 2024-03-20 14:09:48,790 ] - Epoch 111/200 - time: 0.07 - training_loss: -8.6741
[ INFO : 2024-03-20 14:09:48,848 ] - Epoch 112/200 - time: 0.06 - training_loss: -8.6770
[ INFO : 2024-03-20 14:09:48,900 ] - Epoch 113/200 - time: 0.05 - training_loss: -8.6799
[ INFO : 2024-03-20 14:09:48,951 ] - Epoch 114/200 - time: 0.05 - training_loss: -8.6827
[ INFO : 2024-03-20 14:09:49,005 ] - Epoch 115/200 - time: 0.05 - training_loss: -8.6854
[ INFO : 2024-03-20 14:09:49,059 ] - Epoch 116/200 - time: 0.05 - training_loss: -8.6881
[ INFO : 2024-03-20 14:09:49,112 ] - Epoch 117/200 - time: 0.05 - training_loss: -8.6908
[ INFO : 2024-03-20 14:09:49,165 ] - Epoch 118/200 - time: 0.05 - training_loss: -8.6934
[ INFO : 2024-03-20 14:09:49,217 ] - Epoch 119/200 - time: 0.05 - training_loss: -8.6960
[ INFO : 2024-03-20 14:09:49,268 ] - Epoch 120/200 - time: 0.05 - training_loss: -8.6985
[ INFO : 2024-03-20 14:09:49,319 ] - Epoch 121/200 - time: 0.05 - training_loss: -8.7010
[ INFO : 2024-03-20 14:09:49,374 ] - Epoch 122/200 - time: 0.05 - training_loss: -8.7035
[ INFO : 2024-03-20 14:09:49,435 ] - Epoch 123/200 - time: 0.06 - training_loss: -8.7059
[ INFO : 2024-03-20 14:09:49,490 ] - Epoch 124/200 - time: 0.05 - training_loss: -8.7083
[ INFO : 2024-03-20 14:09:49,542 ] - Epoch 125/200 - time: 0.05 - training_loss: -8.7106
[ INFO : 2024-03-20 14:09:49,595 ] - Epoch 126/200 - time: 0.05 - training_loss: -8.7129
[ INFO : 2024-03-20 14:09:49,647 ] - Epoch 127/200 - time: 0.05 - training_loss: -8.7151
[ INFO : 2024-03-20 14:09:49,699 ] - Epoch 128/200 - time: 0.05 - training_loss: -8.7174
[ INFO : 2024-03-20 14:09:49,750 ] - Epoch 129/200 - time: 0.05 - training_loss: -8.7196
[ INFO : 2024-03-20 14:09:49,802 ] - Epoch 130/200 - time: 0.05 - training_loss: -8.7217
[ INFO : 2024-03-20 14:09:49,855 ] - Epoch 131/200 - time: 0.05 - training_loss: -8.7238
[ INFO : 2024-03-20 14:09:49,947 ] - Epoch 132/200 - time: 0.09 - training_loss: -8.7259
[ INFO : 2024-03-20 14:09:49,995 ] - Epoch 133/200 - time: 0.05 - training_loss: -8.7280
[ INFO : 2024-03-20 14:09:50,043 ] - Epoch 134/200 - time: 0.05 - training_loss: -8.7300
[ INFO : 2024-03-20 14:09:50,092 ] - Epoch 135/200 - time: 0.05 - training_loss: -8.7320
[ INFO : 2024-03-20 14:09:50,140 ] - Epoch 136/200 - time: 0.05 - training_loss: -8.7340
[ INFO : 2024-03-20 14:09:50,196 ] - Epoch 137/200 - time: 0.06 - training_loss: -8.7359
[ INFO : 2024-03-20 14:09:50,252 ] - Epoch 138/200 - time: 0.05 - training_loss: -8.7378
[ INFO : 2024-03-20 14:09:50,311 ] - Epoch 139/200 - time: 0.06 - training_loss: -8.7397
[ INFO : 2024-03-20 14:09:50,374 ] - Epoch 140/200 - time: 0.06 - training_loss: -8.7416
[ INFO : 2024-03-20 14:09:50,436 ] - Epoch 141/200 - time: 0.06 - training_loss: -8.7434
[ INFO : 2024-03-20 14:09:50,494 ] - Epoch 142/200 - time: 0.06 - training_loss: -8.7452
[ INFO : 2024-03-20 14:09:50,550 ] - Epoch 143/200 - time: 0.06 - training_loss: -8.7470
[ INFO : 2024-03-20 14:09:50,610 ] - Epoch 144/200 - time: 0.06 - training_loss: -8.7488
[ INFO : 2024-03-20 14:09:50,666 ] - Epoch 145/200 - time: 0.06 - training_loss: -8.7505
[ INFO : 2024-03-20 14:09:50,723 ] - Epoch 146/200 - time: 0.06 - training_loss: -8.7522
[ INFO : 2024-03-20 14:09:50,781 ] - Epoch 147/200 - time: 0.06 - training_loss: -8.7539
[ INFO : 2024-03-20 14:09:50,853 ] - Epoch 148/200 - time: 0.07 - training_loss: -8.7556
[ INFO : 2024-03-20 14:09:50,924 ] - Epoch 149/200 - time: 0.07 - training_loss: -8.7572
[ INFO : 2024-03-20 14:09:50,991 ] - Epoch 150/200 - time: 0.07 - training_loss: -8.7588
[ INFO : 2024-03-20 14:09:51,060 ] - Epoch 151/200 - time: 0.07 - training_loss: -8.7604
[ INFO : 2024-03-20 14:09:51,114 ] - Epoch 152/200 - time: 0.05 - training_loss: -8.7620
[ INFO : 2024-03-20 14:09:51,164 ] - Epoch 153/200 - time: 0.05 - training_loss: -8.7635
[ INFO : 2024-03-20 14:09:51,216 ] - Epoch 154/200 - time: 0.05 - training_loss: -8.7651
[ INFO : 2024-03-20 14:09:51,267 ] - Epoch 155/200 - time: 0.05 - training_loss: -8.7666
[ INFO : 2024-03-20 14:09:51,318 ] - Epoch 156/200 - time: 0.05 - training_loss: -8.7681
[ INFO : 2024-03-20 14:09:51,371 ] - Epoch 157/200 - time: 0.05 - training_loss: -8.7696
[ INFO : 2024-03-20 14:09:51,422 ] - Epoch 158/200 - time: 0.05 - training_loss: -8.7710
[ INFO : 2024-03-20 14:09:51,477 ] - Epoch 159/200 - time: 0.05 - training_loss: -8.7725
[ INFO : 2024-03-20 14:09:51,528 ] - Epoch 160/200 - time: 0.05 - training_loss: -8.7739
[ INFO : 2024-03-20 14:09:51,581 ] - Epoch 161/200 - time: 0.05 - training_loss: -8.7753
[ INFO : 2024-03-20 14:09:51,639 ] - Epoch 162/200 - time: 0.06 - training_loss: -8.7767
[ INFO : 2024-03-20 14:09:51,695 ] - Epoch 163/200 - time: 0.06 - training_loss: -8.7781
[ INFO : 2024-03-20 14:09:51,748 ] - Epoch 164/200 - time: 0.05 - training_loss: -8.7794
[ INFO : 2024-03-20 14:09:51,799 ] - Epoch 165/200 - time: 0.05 - training_loss: -8.7807
[ INFO : 2024-03-20 14:09:51,852 ] - Epoch 166/200 - time: 0.05 - training_loss: -8.7821
[ INFO : 2024-03-20 14:09:51,905 ] - Epoch 167/200 - time: 0.05 - training_loss: -8.7834
[ INFO : 2024-03-20 14:09:51,957 ] - Epoch 168/200 - time: 0.05 - training_loss: -8.7847
[ INFO : 2024-03-20 14:09:52,010 ] - Epoch 169/200 - time: 0.05 - training_loss: -8.7859
[ INFO : 2024-03-20 14:09:52,066 ] - Epoch 170/200 - time: 0.06 - training_loss: -8.7872
[ INFO : 2024-03-20 14:09:52,118 ] - Epoch 171/200 - time: 0.05 - training_loss: -8.7884
[ INFO : 2024-03-20 14:09:52,169 ] - Epoch 172/200 - time: 0.05 - training_loss: -8.7897
[ INFO : 2024-03-20 14:09:52,220 ] - Epoch 173/200 - time: 0.05 - training_loss: -8.7909
[ INFO : 2024-03-20 14:09:52,271 ] - Epoch 174/200 - time: 0.05 - training_loss: -8.7921
[ INFO : 2024-03-20 14:09:52,323 ] - Epoch 175/200 - time: 0.05 - training_loss: -8.7933
[ INFO : 2024-03-20 14:09:52,374 ] - Epoch 176/200 - time: 0.05 - training_loss: -8.7944
[ INFO : 2024-03-20 14:09:52,426 ] - Epoch 177/200 - time: 0.05 - training_loss: -8.7956
[ INFO : 2024-03-20 14:09:52,478 ] - Epoch 178/200 - time: 0.05 - training_loss: -8.7968
[ INFO : 2024-03-20 14:09:52,532 ] - Epoch 179/200 - time: 0.05 - training_loss: -8.7979
[ INFO : 2024-03-20 14:09:52,582 ] - Epoch 180/200 - time: 0.05 - training_loss: -8.7990
[ INFO : 2024-03-20 14:09:52,634 ] - Epoch 181/200 - time: 0.05 - training_loss: -8.8001
[ INFO : 2024-03-20 14:09:52,685 ] - Epoch 182/200 - time: 0.05 - training_loss: -8.8012
[ INFO : 2024-03-20 14:09:52,739 ] - Epoch 183/200 - time: 0.05 - training_loss: -8.8023
[ INFO : 2024-03-20 14:09:52,790 ] - Epoch 184/200 - time: 0.05 - training_loss: -8.8034
[ INFO : 2024-03-20 14:09:52,840 ] - Epoch 185/200 - time: 0.05 - training_loss: -8.8044
[ INFO : 2024-03-20 14:09:52,893 ] - Epoch 186/200 - time: 0.05 - training_loss: -8.8055
[ INFO : 2024-03-20 14:09:52,946 ] - Epoch 187/200 - time: 0.05 - training_loss: -8.8065
[ INFO : 2024-03-20 14:09:53,000 ] - Epoch 188/200 - time: 0.05 - training_loss: -8.8076
[ INFO : 2024-03-20 14:09:53,070 ] - Epoch 189/200 - time: 0.07 - training_loss: -8.8086
[ INFO : 2024-03-20 14:09:53,130 ] - Epoch 190/200 - time: 0.06 - training_loss: -8.8096
[ INFO : 2024-03-20 14:09:53,189 ] - Epoch 191/200 - time: 0.06 - training_loss: -8.8106
[ INFO : 2024-03-20 14:09:53,247 ] - Epoch 192/200 - time: 0.06 - training_loss: -8.8116
[ INFO : 2024-03-20 14:09:53,297 ] - Epoch 193/200 - time: 0.05 - training_loss: -8.8126
[ INFO : 2024-03-20 14:09:53,345 ] - Epoch 194/200 - time: 0.05 - training_loss: -8.8135
[ INFO : 2024-03-20 14:09:53,397 ] - Epoch 195/200 - time: 0.05 - training_loss: -8.8145
[ INFO : 2024-03-20 14:09:53,447 ] - Epoch 196/200 - time: 0.05 - training_loss: -8.8154
[ INFO : 2024-03-20 14:09:53,497 ] - Epoch 197/200 - time: 0.05 - training_loss: -8.8164
[ INFO : 2024-03-20 14:09:53,546 ] - Epoch 198/200 - time: 0.05 - training_loss: -8.8173
[ INFO : 2024-03-20 14:09:53,594 ] - Epoch 199/200 - time: 0.05 - training_loss: -8.8182
[ INFO : 2024-03-20 14:09:53,653 ] - Epoch 200/200 - time: 0.06 - training_loss: -8.8191
[ INFO : 2024-03-20 14:10:39,445 ] - DeepGCCA(
  (model_list): ModuleList(
    (0-2): 3 x MlpNet(
      (layers): ModuleList(
        (0): Sequential(
          (0): Linear(in_features=100, out_features=256, bias=True)
          (1): BatchNorm1d(256, eps=1e-05, momentum=0.1, affine=False, track_running_stats=True)
        )
        (1): Sequential(
          (0): Linear(in_features=256, out_features=512, bias=True)
          (1): BatchNorm1d(512, eps=1e-05, momentum=0.1, affine=False, track_running_stats=True)
        )
        (2): Sequential(
          (0): Linear(in_features=512, out_features=128, bias=True)
          (1): BatchNorm1d(128, eps=1e-05, momentum=0.1, affine=False, track_running_stats=True)
        )
        (3): Sequential(
          (0): Linear(in_features=128, out_features=1, bias=True)
          (1): BatchNorm1d(1, eps=1e-05, momentum=0.1, affine=False, track_running_stats=True)
        )
      )
    )
  )
)
[ INFO : 2024-03-20 14:10:39,451 ] - Adam (
Parameter Group 0
    amsgrad: False
    betas: (0.9, 0.999)
    capturable: False
    differentiable: False
    eps: 1e-08
    foreach: None
    fused: None
    initial_lr: 0.05
    lr: 0.05
    maximize: False
    weight_decay: 1e-05
)
[ INFO : 2024-03-20 14:10:39,550 ] - Epoch 1/200 - time: 0.09 - training_loss: -3.1371
[ INFO : 2024-03-20 14:10:39,623 ] - Epoch 2/200 - time: 0.07 - training_loss: -3.2067
[ INFO : 2024-03-20 14:10:39,691 ] - Epoch 3/200 - time: 0.07 - training_loss: -3.5718
[ INFO : 2024-03-20 14:10:39,771 ] - Epoch 4/200 - time: 0.08 - training_loss: -4.2474
[ INFO : 2024-03-20 14:10:39,845 ] - Epoch 5/200 - time: 0.07 - training_loss: -4.7464
[ INFO : 2024-03-20 14:10:39,916 ] - Epoch 6/200 - time: 0.07 - training_loss: -5.1352
[ INFO : 2024-03-20 14:10:39,976 ] - Epoch 7/200 - time: 0.06 - training_loss: -5.4466
[ INFO : 2024-03-20 14:10:40,030 ] - Epoch 8/200 - time: 0.05 - training_loss: -5.6993
[ INFO : 2024-03-20 14:10:40,084 ] - Epoch 9/200 - time: 0.05 - training_loss: -5.9109
[ INFO : 2024-03-20 14:10:40,138 ] - Epoch 10/200 - time: 0.05 - training_loss: -6.0953
[ INFO : 2024-03-20 14:10:40,190 ] - Epoch 11/200 - time: 0.05 - training_loss: -6.2574
[ INFO : 2024-03-20 14:10:40,240 ] - Epoch 12/200 - time: 0.05 - training_loss: -6.4000
[ INFO : 2024-03-20 14:10:40,293 ] - Epoch 13/200 - time: 0.05 - training_loss: -6.5260
[ INFO : 2024-03-20 14:10:40,344 ] - Epoch 14/200 - time: 0.05 - training_loss: -6.6385
[ INFO : 2024-03-20 14:10:40,400 ] - Epoch 15/200 - time: 0.05 - training_loss: -6.7402
[ INFO : 2024-03-20 14:10:40,454 ] - Epoch 16/200 - time: 0.05 - training_loss: -6.8332
[ INFO : 2024-03-20 14:10:40,508 ] - Epoch 17/200 - time: 0.05 - training_loss: -6.9190
[ INFO : 2024-03-20 14:10:40,564 ] - Epoch 18/200 - time: 0.05 - training_loss: -6.9986
[ INFO : 2024-03-20 14:10:40,614 ] - Epoch 19/200 - time: 0.05 - training_loss: -7.0726
[ INFO : 2024-03-20 14:10:40,663 ] - Epoch 20/200 - time: 0.05 - training_loss: -7.1414
[ INFO : 2024-03-20 14:10:40,717 ] - Epoch 21/200 - time: 0.05 - training_loss: -7.2055
[ INFO : 2024-03-20 14:10:40,776 ] - Epoch 22/200 - time: 0.06 - training_loss: -7.2654
[ INFO : 2024-03-20 14:10:40,833 ] - Epoch 23/200 - time: 0.06 - training_loss: -7.3215
[ INFO : 2024-03-20 14:10:40,889 ] - Epoch 24/200 - time: 0.06 - training_loss: -7.3743
[ INFO : 2024-03-20 14:10:40,945 ] - Epoch 25/200 - time: 0.06 - training_loss: -7.4242
[ INFO : 2024-03-20 14:10:41,000 ] - Epoch 26/200 - time: 0.05 - training_loss: -7.4714
[ INFO : 2024-03-20 14:10:41,062 ] - Epoch 27/200 - time: 0.06 - training_loss: -7.5160
[ INFO : 2024-03-20 14:10:41,166 ] - Epoch 28/200 - time: 0.10 - training_loss: -7.5583
[ INFO : 2024-03-20 14:10:41,227 ] - Epoch 29/200 - time: 0.06 - training_loss: -7.5983
[ INFO : 2024-03-20 14:10:41,285 ] - Epoch 30/200 - time: 0.06 - training_loss: -7.6365
[ INFO : 2024-03-20 14:10:41,337 ] - Epoch 31/200 - time: 0.05 - training_loss: -7.6729
[ INFO : 2024-03-20 14:10:41,385 ] - Epoch 32/200 - time: 0.05 - training_loss: -7.7076
[ INFO : 2024-03-20 14:10:41,435 ] - Epoch 33/200 - time: 0.05 - training_loss: -7.7408
[ INFO : 2024-03-20 14:10:41,497 ] - Epoch 34/200 - time: 0.06 - training_loss: -7.7724
[ INFO : 2024-03-20 14:10:41,566 ] - Epoch 35/200 - time: 0.07 - training_loss: -7.8026
[ INFO : 2024-03-20 14:10:41,652 ] - Epoch 36/200 - time: 0.08 - training_loss: -7.8314
[ INFO : 2024-03-20 14:10:41,710 ] - Epoch 37/200 - time: 0.06 - training_loss: -7.8589
[ INFO : 2024-03-20 14:10:41,769 ] - Epoch 38/200 - time: 0.06 - training_loss: -7.8853
[ INFO : 2024-03-20 14:10:41,827 ] - Epoch 39/200 - time: 0.06 - training_loss: -7.9106
[ INFO : 2024-03-20 14:10:41,882 ] - Epoch 40/200 - time: 0.05 - training_loss: -7.9348
[ INFO : 2024-03-20 14:10:41,944 ] - Epoch 41/200 - time: 0.06 - training_loss: -7.9580
[ INFO : 2024-03-20 14:10:42,008 ] - Epoch 42/200 - time: 0.06 - training_loss: -7.9803
[ INFO : 2024-03-20 14:10:42,066 ] - Epoch 43/200 - time: 0.06 - training_loss: -8.0016
[ INFO : 2024-03-20 14:10:42,115 ] - Epoch 44/200 - time: 0.05 - training_loss: -8.0222
[ INFO : 2024-03-20 14:10:42,165 ] - Epoch 45/200 - time: 0.05 - training_loss: -8.0419
[ INFO : 2024-03-20 14:10:42,221 ] - Epoch 46/200 - time: 0.06 - training_loss: -8.0610
[ INFO : 2024-03-20 14:10:42,278 ] - Epoch 47/200 - time: 0.06 - training_loss: -8.0793
[ INFO : 2024-03-20 14:10:42,334 ] - Epoch 48/200 - time: 0.05 - training_loss: -8.0969
[ INFO : 2024-03-20 14:10:42,392 ] - Epoch 49/200 - time: 0.06 - training_loss: -8.1139
[ INFO : 2024-03-20 14:10:42,450 ] - Epoch 50/200 - time: 0.06 - training_loss: -8.1303
[ INFO : 2024-03-20 14:10:42,504 ] - Epoch 51/200 - time: 0.05 - training_loss: -8.1461
[ INFO : 2024-03-20 14:10:42,562 ] - Epoch 52/200 - time: 0.06 - training_loss: -8.1614
[ INFO : 2024-03-20 14:10:42,621 ] - Epoch 53/200 - time: 0.06 - training_loss: -8.1762
[ INFO : 2024-03-20 14:10:42,677 ] - Epoch 54/200 - time: 0.05 - training_loss: -8.1905
[ INFO : 2024-03-20 14:10:42,731 ] - Epoch 55/200 - time: 0.05 - training_loss: -8.2043
[ INFO : 2024-03-20 14:10:42,789 ] - Epoch 56/200 - time: 0.06 - training_loss: -8.2177
[ INFO : 2024-03-20 14:10:42,844 ] - Epoch 57/200 - time: 0.05 - training_loss: -8.2306
[ INFO : 2024-03-20 14:10:42,899 ] - Epoch 58/200 - time: 0.05 - training_loss: -8.2432
[ INFO : 2024-03-20 14:10:42,957 ] - Epoch 59/200 - time: 0.06 - training_loss: -8.2553
[ INFO : 2024-03-20 14:10:43,012 ] - Epoch 60/200 - time: 0.05 - training_loss: -8.2671
[ INFO : 2024-03-20 14:10:43,072 ] - Epoch 61/200 - time: 0.06 - training_loss: -8.2786
[ INFO : 2024-03-20 14:10:43,130 ] - Epoch 62/200 - time: 0.06 - training_loss: -8.2897
[ INFO : 2024-03-20 14:10:43,189 ] - Epoch 63/200 - time: 0.06 - training_loss: -8.3005
[ INFO : 2024-03-20 14:10:43,243 ] - Epoch 64/200 - time: 0.05 - training_loss: -8.3109
[ INFO : 2024-03-20 14:10:43,303 ] - Epoch 65/200 - time: 0.06 - training_loss: -8.3211
[ INFO : 2024-03-20 14:10:43,359 ] - Epoch 66/200 - time: 0.05 - training_loss: -8.3310
[ INFO : 2024-03-20 14:10:43,430 ] - Epoch 67/200 - time: 0.07 - training_loss: -8.3406
[ INFO : 2024-03-20 14:10:43,488 ] - Epoch 68/200 - time: 0.06 - training_loss: -8.3500
[ INFO : 2024-03-20 14:10:43,548 ] - Epoch 69/200 - time: 0.06 - training_loss: -8.3591
[ INFO : 2024-03-20 14:10:43,598 ] - Epoch 70/200 - time: 0.05 - training_loss: -8.3679
[ INFO : 2024-03-20 14:10:43,649 ] - Epoch 71/200 - time: 0.05 - training_loss: -8.3765
[ INFO : 2024-03-20 14:10:43,697 ] - Epoch 72/200 - time: 0.05 - training_loss: -8.3849
[ INFO : 2024-03-20 14:10:43,746 ] - Epoch 73/200 - time: 0.05 - training_loss: -8.3931
[ INFO : 2024-03-20 14:10:43,797 ] - Epoch 74/200 - time: 0.05 - training_loss: -8.4011
[ INFO : 2024-03-20 14:10:43,846 ] - Epoch 75/200 - time: 0.05 - training_loss: -8.4089
[ INFO : 2024-03-20 14:10:43,895 ] - Epoch 76/200 - time: 0.05 - training_loss: -8.4165
[ INFO : 2024-03-20 14:10:43,946 ] - Epoch 77/200 - time: 0.05 - training_loss: -8.4238
[ INFO : 2024-03-20 14:10:43,995 ] - Epoch 78/200 - time: 0.05 - training_loss: -8.4311
[ INFO : 2024-03-20 14:10:44,045 ] - Epoch 79/200 - time: 0.05 - training_loss: -8.4381
[ INFO : 2024-03-20 14:10:44,094 ] - Epoch 80/200 - time: 0.05 - training_loss: -8.4450
[ INFO : 2024-03-20 14:10:44,144 ] - Epoch 81/200 - time: 0.05 - training_loss: -8.4517
[ INFO : 2024-03-20 14:10:44,196 ] - Epoch 82/200 - time: 0.05 - training_loss: -8.4583
[ INFO : 2024-03-20 14:10:44,250 ] - Epoch 83/200 - time: 0.05 - training_loss: -8.4647
[ INFO : 2024-03-20 14:10:44,300 ] - Epoch 84/200 - time: 0.05 - training_loss: -8.4709
[ INFO : 2024-03-20 14:10:44,349 ] - Epoch 85/200 - time: 0.05 - training_loss: -8.4770
[ INFO : 2024-03-20 14:10:44,399 ] - Epoch 86/200 - time: 0.05 - training_loss: -8.4830
[ INFO : 2024-03-20 14:10:44,485 ] - Epoch 87/200 - time: 0.08 - training_loss: -8.4889
[ INFO : 2024-03-20 14:10:44,533 ] - Epoch 88/200 - time: 0.05 - training_loss: -8.4946
[ INFO : 2024-03-20 14:10:44,580 ] - Epoch 89/200 - time: 0.05 - training_loss: -8.5002
[ INFO : 2024-03-20 14:10:44,632 ] - Epoch 90/200 - time: 0.05 - training_loss: -8.5057
[ INFO : 2024-03-20 14:10:44,693 ] - Epoch 91/200 - time: 0.06 - training_loss: -8.5110
[ INFO : 2024-03-20 14:10:44,749 ] - Epoch 92/200 - time: 0.06 - training_loss: -8.5163
[ INFO : 2024-03-20 14:10:44,807 ] - Epoch 93/200 - time: 0.06 - training_loss: -8.5214
[ INFO : 2024-03-20 14:10:44,861 ] - Epoch 94/200 - time: 0.05 - training_loss: -8.5265
[ INFO : 2024-03-20 14:10:44,921 ] - Epoch 95/200 - time: 0.06 - training_loss: -8.5314
[ INFO : 2024-03-20 14:10:44,978 ] - Epoch 96/200 - time: 0.06 - training_loss: -8.5362
[ INFO : 2024-03-20 14:10:45,037 ] - Epoch 97/200 - time: 0.06 - training_loss: -8.5410
[ INFO : 2024-03-20 14:10:45,092 ] - Epoch 98/200 - time: 0.06 - training_loss: -8.5456
[ INFO : 2024-03-20 14:10:45,152 ] - Epoch 99/200 - time: 0.06 - training_loss: -8.5502
[ INFO : 2024-03-20 14:10:45,206 ] - Epoch 100/200 - time: 0.05 - training_loss: -8.5546
[ INFO : 2024-03-20 14:10:45,264 ] - Epoch 101/200 - time: 0.06 - training_loss: -8.5590
[ INFO : 2024-03-20 14:10:45,323 ] - Epoch 102/200 - time: 0.06 - training_loss: -8.5633
[ INFO : 2024-03-20 14:10:45,378 ] - Epoch 103/200 - time: 0.05 - training_loss: -8.5675
[ INFO : 2024-03-20 14:10:45,438 ] - Epoch 104/200 - time: 0.06 - training_loss: -8.5716
[ INFO : 2024-03-20 14:10:45,493 ] - Epoch 105/200 - time: 0.05 - training_loss: -8.5757
[ INFO : 2024-03-20 14:10:45,550 ] - Epoch 106/200 - time: 0.06 - training_loss: -8.5797
[ INFO : 2024-03-20 14:10:45,628 ] - Epoch 107/200 - time: 0.08 - training_loss: -8.5836
[ INFO : 2024-03-20 14:10:45,698 ] - Epoch 108/200 - time: 0.07 - training_loss: -8.5874
[ INFO : 2024-03-20 14:10:45,758 ] - Epoch 109/200 - time: 0.06 - training_loss: -8.5912
[ INFO : 2024-03-20 14:10:45,811 ] - Epoch 110/200 - time: 0.05 - training_loss: -8.5949
[ INFO : 2024-03-20 14:10:45,860 ] - Epoch 111/200 - time: 0.05 - training_loss: -8.5985
[ INFO : 2024-03-20 14:10:45,910 ] - Epoch 112/200 - time: 0.05 - training_loss: -8.6021
[ INFO : 2024-03-20 14:10:45,960 ] - Epoch 113/200 - time: 0.05 - training_loss: -8.6056
[ INFO : 2024-03-20 14:10:46,010 ] - Epoch 114/200 - time: 0.05 - training_loss: -8.6091
[ INFO : 2024-03-20 14:10:46,067 ] - Epoch 115/200 - time: 0.06 - training_loss: -8.6124
[ INFO : 2024-03-20 14:10:46,117 ] - Epoch 116/200 - time: 0.05 - training_loss: -8.6158
[ INFO : 2024-03-20 14:10:46,167 ] - Epoch 117/200 - time: 0.05 - training_loss: -8.6190
[ INFO : 2024-03-20 14:10:46,215 ] - Epoch 118/200 - time: 0.05 - training_loss: -8.6223
[ INFO : 2024-03-20 14:10:46,269 ] - Epoch 119/200 - time: 0.05 - training_loss: -8.6254
[ INFO : 2024-03-20 14:10:46,329 ] - Epoch 120/200 - time: 0.06 - training_loss: -8.6285
[ INFO : 2024-03-20 14:10:46,396 ] - Epoch 121/200 - time: 0.07 - training_loss: -8.6316
[ INFO : 2024-03-20 14:10:46,458 ] - Epoch 122/200 - time: 0.06 - training_loss: -8.6346
[ INFO : 2024-03-20 14:10:46,542 ] - Epoch 123/200 - time: 0.08 - training_loss: -8.6376
[ INFO : 2024-03-20 14:10:46,595 ] - Epoch 124/200 - time: 0.05 - training_loss: -8.6405
[ INFO : 2024-03-20 14:10:46,646 ] - Epoch 125/200 - time: 0.05 - training_loss: -8.6434
[ INFO : 2024-03-20 14:10:46,698 ] - Epoch 126/200 - time: 0.05 - training_loss: -8.6462
[ INFO : 2024-03-20 14:10:46,751 ] - Epoch 127/200 - time: 0.05 - training_loss: -8.6490
[ INFO : 2024-03-20 14:10:46,804 ] - Epoch 128/200 - time: 0.05 - training_loss: -8.6517
[ INFO : 2024-03-20 14:10:46,855 ] - Epoch 129/200 - time: 0.05 - training_loss: -8.6544
[ INFO : 2024-03-20 14:10:46,905 ] - Epoch 130/200 - time: 0.05 - training_loss: -8.6571
[ INFO : 2024-03-20 14:10:46,959 ] - Epoch 131/200 - time: 0.05 - training_loss: -8.6597
[ INFO : 2024-03-20 14:10:47,009 ] - Epoch 132/200 - time: 0.05 - training_loss: -8.6623
[ INFO : 2024-03-20 14:10:47,063 ] - Epoch 133/200 - time: 0.05 - training_loss: -8.6648
[ INFO : 2024-03-20 14:10:47,113 ] - Epoch 134/200 - time: 0.05 - training_loss: -8.6673
[ INFO : 2024-03-20 14:10:47,167 ] - Epoch 135/200 - time: 0.05 - training_loss: -8.6698
[ INFO : 2024-03-20 14:10:47,220 ] - Epoch 136/200 - time: 0.05 - training_loss: -8.6722
[ INFO : 2024-03-20 14:10:47,273 ] - Epoch 137/200 - time: 0.05 - training_loss: -8.6746
[ INFO : 2024-03-20 14:10:47,325 ] - Epoch 138/200 - time: 0.05 - training_loss: -8.6769
[ INFO : 2024-03-20 14:10:47,377 ] - Epoch 139/200 - time: 0.05 - training_loss: -8.6793
[ INFO : 2024-03-20 14:10:47,429 ] - Epoch 140/200 - time: 0.05 - training_loss: -8.6816
[ INFO : 2024-03-20 14:10:47,480 ] - Epoch 141/200 - time: 0.05 - training_loss: -8.6838
[ INFO : 2024-03-20 14:10:47,529 ] - Epoch 142/200 - time: 0.05 - training_loss: -8.6860
[ INFO : 2024-03-20 14:10:47,583 ] - Epoch 143/200 - time: 0.05 - training_loss: -8.6882
[ INFO : 2024-03-20 14:10:47,634 ] - Epoch 144/200 - time: 0.05 - training_loss: -8.6904
[ INFO : 2024-03-20 14:10:47,686 ] - Epoch 145/200 - time: 0.05 - training_loss: -8.6925
[ INFO : 2024-03-20 14:10:47,740 ] - Epoch 146/200 - time: 0.05 - training_loss: -8.6946
[ INFO : 2024-03-20 14:10:47,795 ] - Epoch 147/200 - time: 0.05 - training_loss: -8.6967
[ INFO : 2024-03-20 14:10:47,865 ] - Epoch 148/200 - time: 0.07 - training_loss: -8.6988
[ INFO : 2024-03-20 14:10:47,933 ] - Epoch 149/200 - time: 0.07 - training_loss: -8.7008
[ INFO : 2024-03-20 14:10:47,998 ] - Epoch 150/200 - time: 0.06 - training_loss: -8.7028
[ INFO : 2024-03-20 14:10:48,050 ] - Epoch 151/200 - time: 0.05 - training_loss: -8.7047
[ INFO : 2024-03-20 14:10:48,098 ] - Epoch 152/200 - time: 0.05 - training_loss: -8.7067
[ INFO : 2024-03-20 14:10:48,148 ] - Epoch 153/200 - time: 0.05 - training_loss: -8.7086
[ INFO : 2024-03-20 14:10:48,200 ] - Epoch 154/200 - time: 0.05 - training_loss: -8.7105
[ INFO : 2024-03-20 14:10:48,253 ] - Epoch 155/200 - time: 0.05 - training_loss: -8.7124
[ INFO : 2024-03-20 14:10:48,305 ] - Epoch 156/200 - time: 0.05 - training_loss: -8.7142
[ INFO : 2024-03-20 14:10:48,357 ] - Epoch 157/200 - time: 0.05 - training_loss: -8.7160
[ INFO : 2024-03-20 14:10:48,408 ] - Epoch 158/200 - time: 0.05 - training_loss: -8.7178
[ INFO : 2024-03-20 14:10:48,458 ] - Epoch 159/200 - time: 0.05 - training_loss: -8.7196
[ INFO : 2024-03-20 14:10:48,514 ] - Epoch 160/200 - time: 0.05 - training_loss: -8.7214
[ INFO : 2024-03-20 14:10:48,574 ] - Epoch 161/200 - time: 0.06 - training_loss: -8.7231
[ INFO : 2024-03-20 14:10:48,631 ] - Epoch 162/200 - time: 0.06 - training_loss: -8.7248
[ INFO : 2024-03-20 14:10:48,688 ] - Epoch 163/200 - time: 0.06 - training_loss: -8.7265
[ INFO : 2024-03-20 14:10:48,742 ] - Epoch 164/200 - time: 0.05 - training_loss: -8.7281
[ INFO : 2024-03-20 14:10:48,793 ] - Epoch 165/200 - time: 0.05 - training_loss: -8.7298
[ INFO : 2024-03-20 14:10:48,844 ] - Epoch 166/200 - time: 0.05 - training_loss: -8.7314
[ INFO : 2024-03-20 14:10:48,894 ] - Epoch 167/200 - time: 0.05 - training_loss: -8.7330
[ INFO : 2024-03-20 14:10:48,947 ] - Epoch 168/200 - time: 0.05 - training_loss: -8.7346
[ INFO : 2024-03-20 14:10:49,000 ] - Epoch 169/200 - time: 0.05 - training_loss: -8.7362
[ INFO : 2024-03-20 14:10:49,053 ] - Epoch 170/200 - time: 0.05 - training_loss: -8.7377
[ INFO : 2024-03-20 14:10:49,104 ] - Epoch 171/200 - time: 0.05 - training_loss: -8.7393
[ INFO : 2024-03-20 14:10:49,156 ] - Epoch 172/200 - time: 0.05 - training_loss: -8.7408
[ INFO : 2024-03-20 14:10:49,210 ] - Epoch 173/200 - time: 0.05 - training_loss: -8.7423
[ INFO : 2024-03-20 14:10:49,266 ] - Epoch 174/200 - time: 0.05 - training_loss: -8.7438
[ INFO : 2024-03-20 14:10:49,318 ] - Epoch 175/200 - time: 0.05 - training_loss: -8.7452
[ INFO : 2024-03-20 14:10:49,369 ] - Epoch 176/200 - time: 0.05 - training_loss: -8.7467
[ INFO : 2024-03-20 14:10:49,422 ] - Epoch 177/200 - time: 0.05 - training_loss: -8.7481
[ INFO : 2024-03-20 14:10:49,473 ] - Epoch 178/200 - time: 0.05 - training_loss: -8.7495
[ INFO : 2024-03-20 14:10:49,525 ] - Epoch 179/200 - time: 0.05 - training_loss: -8.7509
[ INFO : 2024-03-20 14:10:49,579 ] - Epoch 180/200 - time: 0.05 - training_loss: -8.7523
[ INFO : 2024-03-20 14:10:49,631 ] - Epoch 181/200 - time: 0.05 - training_loss: -8.7537
[ INFO : 2024-03-20 14:10:49,682 ] - Epoch 182/200 - time: 0.05 - training_loss: -8.7550
[ INFO : 2024-03-20 14:10:49,733 ] - Epoch 183/200 - time: 0.05 - training_loss: -8.7564
[ INFO : 2024-03-20 14:10:49,787 ] - Epoch 184/200 - time: 0.05 - training_loss: -8.7577
[ INFO : 2024-03-20 14:10:49,847 ] - Epoch 185/200 - time: 0.06 - training_loss: -8.7590
[ INFO : 2024-03-20 14:10:49,901 ] - Epoch 186/200 - time: 0.05 - training_loss: -8.7603
[ INFO : 2024-03-20 14:10:49,955 ] - Epoch 187/200 - time: 0.05 - training_loss: -8.7616
[ INFO : 2024-03-20 14:10:50,017 ] - Epoch 188/200 - time: 0.06 - training_loss: -8.7628
[ INFO : 2024-03-20 14:10:50,085 ] - Epoch 189/200 - time: 0.07 - training_loss: -8.7641
[ INFO : 2024-03-20 14:10:50,146 ] - Epoch 190/200 - time: 0.06 - training_loss: -8.7653
[ INFO : 2024-03-20 14:10:50,203 ] - Epoch 191/200 - time: 0.06 - training_loss: -8.7666
[ INFO : 2024-03-20 14:10:50,256 ] - Epoch 192/200 - time: 0.05 - training_loss: -8.7678
[ INFO : 2024-03-20 14:10:50,312 ] - Epoch 193/200 - time: 0.06 - training_loss: -8.7690
[ INFO : 2024-03-20 14:10:50,360 ] - Epoch 194/200 - time: 0.05 - training_loss: -8.7702
[ INFO : 2024-03-20 14:10:50,411 ] - Epoch 195/200 - time: 0.05 - training_loss: -8.7714
[ INFO : 2024-03-20 14:10:50,460 ] - Epoch 196/200 - time: 0.05 - training_loss: -8.7725
[ INFO : 2024-03-20 14:10:50,509 ] - Epoch 197/200 - time: 0.05 - training_loss: -8.7737
[ INFO : 2024-03-20 14:10:50,567 ] - Epoch 198/200 - time: 0.06 - training_loss: -8.7748
[ INFO : 2024-03-20 14:10:50,623 ] - Epoch 199/200 - time: 0.05 - training_loss: -8.7760
[ INFO : 2024-03-20 14:10:50,683 ] - Epoch 200/200 - time: 0.06 - training_loss: -8.7771
